<?xml version="1.0" encoding="UTF-8"?>
<!-- Generated by org.testng.reporters.JUnitReportReporter -->
<testsuite hostname="Vasant" failures="0" tests="2" name="com.vittech.inetbanking.testcases.UtilityChecks" time="50.429" errors="0" timestamp="2024-12-27T10:41:51 IST" skipped="1">
  <testcase classname="com.vittech.inetbanking.testcases.UtilityChecks" name="handleWindows" time="50.429"/>
  <testcase classname="com.vittech.inetbanking.testcases.UtilityChecks" name="selectDropdownValue">
    <skipped/>
  </testcase> <!-- selectDropdownValue -->
</testsuite> <!-- com.vittech.inetbanking.testcases.UtilityChecks -->
