<?xml version="1.0" encoding="UTF-8"?>
<!-- Generated by org.testng.reporters.JUnitReportReporter -->
<testsuite hostname="Vasant" failures="0" tests="3" name="com.vittech.inetbanking.testcases.LoginTC01" time="44.620" errors="0" timestamp="2024-12-29T12:26:55 IST" skipped="0">
  <testcase classname="com.vittech.inetbanking.testcases.LoginTC01" name="verifyLoginFunctionality" time="13.814"/>
  <testcase classname="com.vittech.inetbanking.testcases.LoginTC01" name="verifyLoginFunctionality" time="15.680"/>
  <testcase classname="com.vittech.inetbanking.testcases.LoginTC01" name="verifyLoginFunctionality" time="15.126"/>
</testsuite> <!-- com.vittech.inetbanking.testcases.LoginTC01 -->
