<?xml version="1.0" encoding="UTF-8"?>
<!-- Generated by org.testng.reporters.JUnitReportReporter -->
<testsuite hostname="Vasant" failures="0" tests="1" name="com.selenium_basics.BrowserTesting" time="12.149" errors="0" timestamp="2024-12-14T13:33:23 IST" skipped="0">
  <testcase classname="com.selenium_basics.BrowserTesting" name="validateFBLoginPageTitle" time="12.149"/>
</testsuite> <!-- com.selenium_basics.BrowserTesting -->
