<?xml version="1.0" encoding="UTF-8"?>
<!-- Generated by org.testng.reporters.JUnitReportReporter -->
<testsuite hostname="Vasant" failures="0" tests="3" name="com.vittech.inetbanking.testcases.HomePageTC" time="5.440" errors="0" timestamp="2025-01-03T11:03:57 IST" skipped="0">
  <testcase classname="com.vittech.inetbanking.testcases.HomePageTC" name="validateUserLandedOnHomePage" time="4.561"/>
  <testcase classname="com.vittech.inetbanking.testcases.HomePageTC" name="homePageTitleTC" time="0.030"/>
  <testcase classname="com.vittech.inetbanking.testcases.HomePageTC" name="clickOnManagerLink" time="0.849"/>
</testsuite> <!-- com.vittech.inetbanking.testcases.HomePageTC -->
