<?xml version="1.0" encoding="UTF-8"?>
<!-- Generated by org.testng.reporters.JUnitReportReporter -->
<testsuite hostname="Vasant" failures="0" tests="1" name="com.vittech.inetbanking.testbase.TestBase" time="3.265" errors="0" timestamp="2024-12-14T14:01:16 IST" skipped="0">
  <testcase classname="com.vittech.inetbanking.testbase.TestBase" name="loginTest" time="3.265"/>
</testsuite> <!-- com.vittech.inetbanking.testbase.TestBase -->
